{"/Users/hung.phamtan/Documents/Projects/Indigo/assessment/src/index.js": {"path":"/Users/hung.phamtan/Documents/Projects/Indigo/assessment/src/index.js","statementMap":{"0":{"start":{"line":9,"column":1},"end":{"line":9,"column":23}},"1":{"start":{"line":9,"column":13},"end":{"line":9,"column":23}},"2":{"start":{"line":10,"column":16},"end":{"line":14,"column":3}},"3":{"start":{"line":11,"column":4},"end":{"line":13,"column":16}},"4":{"start":{"line":12,"column":19},"end":{"line":12,"column":33}},"5":{"start":{"line":15,"column":2},"end":{"line":15,"column":31}},"6":{"start":{"line":26,"column":14},"end":{"line":26,"column":16}},"7":{"start":{"line":27,"column":1},"end":{"line":27,"column":26}},"8":{"start":{"line":27,"column":12},"end":{"line":27,"column":26}},"9":{"start":{"line":29,"column":13},"end":{"line":29,"column":30}},"10":{"start":{"line":30,"column":2},"end":{"line":37,"column":5}},"11":{"start":{"line":31,"column":14},"end":{"line":31,"column":16}},"12":{"start":{"line":33,"column":4},"end":{"line":35,"column":5}},"13":{"start":{"line":34,"column":6},"end":{"line":34,"column":74}},"14":{"start":{"line":36,"column":4},"end":{"line":36,"column":15}},"15":{"start":{"line":38,"column":2},"end":{"line":38,"column":16}},"16":{"start":{"line":40,"column":0},"end":{"line":43,"column":2}}},"fnMap":{"0":{"name":"store","decl":{"start":{"line":8,"column":16},"end":{"line":8,"column":21}},"loc":{"start":{"line":8,"column":29},"end":{"line":16,"column":1}},"line":8},"1":{"name":"(anonymous_1)","decl":{"start":{"line":10,"column":26},"end":{"line":10,"column":27}},"loc":{"start":{"line":11,"column":4},"end":{"line":13,"column":16}},"line":11},"2":{"name":"(anonymous_2)","decl":{"start":{"line":12,"column":11},"end":{"line":12,"column":12}},"loc":{"start":{"line":12,"column":19},"end":{"line":12,"column":33}},"line":12},"3":{"name":"load","decl":{"start":{"line":25,"column":16},"end":{"line":25,"column":20}},"loc":{"start":{"line":25,"column":27},"end":{"line":39,"column":1}},"line":25},"4":{"name":"(anonymous_4)","decl":{"start":{"line":30,"column":32},"end":{"line":30,"column":33}},"loc":{"start":{"line":30,"column":40},"end":{"line":37,"column":3}},"line":30}},"branchMap":{"0":{"loc":{"start":{"line":9,"column":1},"end":{"line":9,"column":23}},"type":"if","locations":[{"start":{"line":9,"column":1},"end":{"line":9,"column":23}},{"start":{"line":9,"column":1},"end":{"line":9,"column":23}}],"line":9},"1":{"loc":{"start":{"line":27,"column":1},"end":{"line":27,"column":26}},"type":"if","locations":[{"start":{"line":27,"column":1},"end":{"line":27,"column":26}},{"start":{"line":27,"column":1},"end":{"line":27,"column":26}}],"line":27}},"s":{"0":3,"1":1,"2":2,"3":2,"4":3,"5":2,"6":3,"7":3,"8":1,"9":2,"10":2,"11":3,"12":3,"13":5,"14":3,"15":2,"16":1},"f":{"0":3,"1":2,"2":3,"3":3,"4":3},"b":{"0":[1,2],"1":[1,2]},"_coverageSchema":"43e27e138ebf9cfc5966b082cf9a028302ed4184","hash":"a9d5247113a15e264037fa7be2d3d121c703d773"}
,"/Users/hung.phamtan/Documents/Projects/Indigo/assessment/src/store.config.js": {"path":"/Users/hung.phamtan/Documents/Projects/Indigo/assessment/src/store.config.js","statementMap":{"0":{"start":{"line":1,"column":42},"end":{"line":1,"column":53}},"1":{"start":{"line":2,"column":38},"end":{"line":2,"column":41}},"2":{"start":{"line":3,"column":39},"end":{"line":3,"column":42}},"3":{"start":{"line":4,"column":37},"end":{"line":4,"column":41}},"4":{"start":{"line":5,"column":37},"end":{"line":5,"column":38}},"5":{"start":{"line":6,"column":31},"end":{"line":6,"column":32}},"6":{"start":{"line":7,"column":36},"end":{"line":7,"column":39}},"7":{"start":{"line":8,"column":32},"end":{"line":8,"column":33}},"8":{"start":{"line":10,"column":0},"end":{"line":19,"column":2}}},"fnMap":{},"branchMap":{},"s":{"0":1,"1":1,"2":1,"3":1,"4":1,"5":1,"6":1,"7":1,"8":1},"f":{},"b":{},"_coverageSchema":"43e27e138ebf9cfc5966b082cf9a028302ed4184","hash":"3edeccb535d26270951f5ded24929c9e80b4bf5f"}
,"/Users/hung.phamtan/Documents/Projects/Indigo/assessment/src/store.js": {"path":"/Users/hung.phamtan/Documents/Projects/Indigo/assessment/src/store.js","statementMap":{"0":{"start":{"line":14,"column":4},"end":{"line":14,"column":29}},"1":{"start":{"line":15,"column":4},"end":{"line":15,"column":31}},"2":{"start":{"line":16,"column":4},"end":{"line":16,"column":33}},"3":{"start":{"line":21,"column":4},"end":{"line":21,"column":25}},"4":{"start":{"line":22,"column":4},"end":{"line":22,"column":21}},"5":{"start":{"line":23,"column":4},"end":{"line":23,"column":29}},"6":{"start":{"line":27,"column":4},"end":{"line":38,"column":5}},"7":{"start":{"line":28,"column":6},"end":{"line":28,"column":36}},"8":{"start":{"line":29,"column":11},"end":{"line":38,"column":5}},"9":{"start":{"line":30,"column":6},"end":{"line":30,"column":37}},"10":{"start":{"line":31,"column":11},"end":{"line":38,"column":5}},"11":{"start":{"line":35,"column":6},"end":{"line":35,"column":35}},"12":{"start":{"line":37,"column":6},"end":{"line":37,"column":15}},"13":{"start":{"line":43,"column":19},"end":{"line":43,"column":20}},"14":{"start":{"line":44,"column":21},"end":{"line":44,"column":70}},"15":{"start":{"line":46,"column":4},"end":{"line":49,"column":5}},"16":{"start":{"line":47,"column":6},"end":{"line":47,"column":34}},"17":{"start":{"line":48,"column":6},"end":{"line":48,"column":41}},"18":{"start":{"line":50,"column":4},"end":{"line":50,"column":20}},"19":{"start":{"line":55,"column":31},"end":{"line":55,"column":32}},"20":{"start":{"line":56,"column":4},"end":{"line":58,"column":5}},"21":{"start":{"line":57,"column":6},"end":{"line":57,"column":73}},"22":{"start":{"line":59,"column":4},"end":{"line":59,"column":60}},"23":{"start":{"line":63,"column":4},"end":{"line":63,"column":45}},"24":{"start":{"line":67,"column":0},"end":{"line":71,"column":2}}},"fnMap":{"0":{"name":"(anonymous_0)","decl":{"start":{"line":13,"column":2},"end":{"line":13,"column":3}},"loc":{"start":{"line":13,"column":47},"end":{"line":17,"column":3}},"line":13},"1":{"name":"(anonymous_1)","decl":{"start":{"line":20,"column":2},"end":{"line":20,"column":3}},"loc":{"start":{"line":20,"column":38},"end":{"line":24,"column":3}},"line":20},"2":{"name":"(anonymous_2)","decl":{"start":{"line":26,"column":2},"end":{"line":26,"column":3}},"loc":{"start":{"line":26,"column":27},"end":{"line":39,"column":3}},"line":26},"3":{"name":"(anonymous_3)","decl":{"start":{"line":41,"column":2},"end":{"line":41,"column":3}},"loc":{"start":{"line":41,"column":23},"end":{"line":51,"column":3}},"line":41},"4":{"name":"(anonymous_4)","decl":{"start":{"line":53,"column":2},"end":{"line":53,"column":3}},"loc":{"start":{"line":53,"column":17},"end":{"line":60,"column":3}},"line":53},"5":{"name":"(anonymous_5)","decl":{"start":{"line":62,"column":2},"end":{"line":62,"column":3}},"loc":{"start":{"line":62,"column":24},"end":{"line":64,"column":3}},"line":62}},"branchMap":{"0":{"loc":{"start":{"line":27,"column":4},"end":{"line":38,"column":5}},"type":"if","locations":[{"start":{"line":27,"column":4},"end":{"line":38,"column":5}},{"start":{"line":27,"column":4},"end":{"line":38,"column":5}}],"line":27},"1":{"loc":{"start":{"line":29,"column":11},"end":{"line":38,"column":5}},"type":"if","locations":[{"start":{"line":29,"column":11},"end":{"line":38,"column":5}},{"start":{"line":29,"column":11},"end":{"line":38,"column":5}}],"line":29},"2":{"loc":{"start":{"line":31,"column":11},"end":{"line":38,"column":5}},"type":"if","locations":[{"start":{"line":31,"column":11},"end":{"line":38,"column":5}},{"start":{"line":31,"column":11},"end":{"line":38,"column":5}}],"line":31},"3":{"loc":{"start":{"line":56,"column":4},"end":{"line":58,"column":5}},"type":"if","locations":[{"start":{"line":56,"column":4},"end":{"line":58,"column":5}},{"start":{"line":56,"column":4},"end":{"line":58,"column":5}}],"line":56}},"s":{"0":10,"1":10,"2":10,"3":10,"4":10,"5":10,"6":14,"7":3,"8":11,"9":3,"10":8,"11":3,"12":5,"13":6,"14":6,"15":6,"16":50,"17":50,"18":6,"19":5,"20":5,"21":4,"22":5,"23":5,"24":1},"f":{"0":10,"1":10,"2":14,"3":6,"4":5,"5":5},"b":{"0":[3,11],"1":[3,8],"2":[3,5],"3":[4,1]},"_coverageSchema":"43e27e138ebf9cfc5966b082cf9a028302ed4184","hash":"92b7a6c329993ccb273441e4d615c34efe504207"}
}
