{"/Users/hung.phamtan/Documents/Projects/Indigo/assessment/src/index.js": {"path":"/Users/hung.phamtan/Documents/Projects/Indigo/assessment/src/index.js","statementMap":{"0":{"start":{"line":9,"column":1},"end":{"line":9,"column":23}},"1":{"start":{"line":9,"column":13},"end":{"line":9,"column":23}},"2":{"start":{"line":10,"column":16},"end":{"line":14,"column":3}},"3":{"start":{"line":11,"column":4},"end":{"line":13,"column":16}},"4":{"start":{"line":12,"column":19},"end":{"line":12,"column":33}},"5":{"start":{"line":15,"column":2},"end":{"line":15,"column":31}},"6":{"start":{"line":26,"column":14},"end":{"line":26,"column":16}},"7":{"start":{"line":27,"column":1},"end":{"line":27,"column":26}},"8":{"start":{"line":27,"column":12},"end":{"line":27,"column":26}},"9":{"start":{"line":29,"column":13},"end":{"line":29,"column":30}},"10":{"start":{"line":30,"column":2},"end":{"line":37,"column":5}},"11":{"start":{"line":31,"column":14},"end":{"line":31,"column":16}},"12":{"start":{"line":33,"column":4},"end":{"line":35,"column":5}},"13":{"start":{"line":34,"column":6},"end":{"line":34,"column":74}},"14":{"start":{"line":36,"column":4},"end":{"line":36,"column":15}},"15":{"start":{"line":38,"column":2},"end":{"line":38,"column":16}},"16":{"start":{"line":40,"column":0},"end":{"line":43,"column":2}}},"fnMap":{"0":{"name":"store","decl":{"start":{"line":8,"column":16},"end":{"line":8,"column":21}},"loc":{"start":{"line":8,"column":29},"end":{"line":16,"column":1}},"line":8},"1":{"name":"(anonymous_1)","decl":{"start":{"line":10,"column":26},"end":{"line":10,"column":27}},"loc":{"start":{"line":11,"column":4},"end":{"line":13,"column":16}},"line":11},"2":{"name":"(anonymous_2)","decl":{"start":{"line":12,"column":11},"end":{"line":12,"column":12}},"loc":{"start":{"line":12,"column":19},"end":{"line":12,"column":33}},"line":12},"3":{"name":"load","decl":{"start":{"line":25,"column":16},"end":{"line":25,"column":20}},"loc":{"start":{"line":25,"column":27},"end":{"line":39,"column":1}},"line":25},"4":{"name":"(anonymous_4)","decl":{"start":{"line":30,"column":32},"end":{"line":30,"column":33}},"loc":{"start":{"line":30,"column":40},"end":{"line":37,"column":3}},"line":30}},"branchMap":{"0":{"loc":{"start":{"line":9,"column":1},"end":{"line":9,"column":23}},"type":"if","locations":[{"start":{"line":9,"column":1},"end":{"line":9,"column":23}},{"start":{"line":9,"column":1},"end":{"line":9,"column":23}}],"line":9},"1":{"loc":{"start":{"line":27,"column":1},"end":{"line":27,"column":26}},"type":"if","locations":[{"start":{"line":27,"column":1},"end":{"line":27,"column":26}},{"start":{"line":27,"column":1},"end":{"line":27,"column":26}}],"line":27}},"s":{"0":2,"1":0,"2":2,"3":2,"4":3,"5":2,"6":3,"7":3,"8":1,"9":2,"10":2,"11":3,"12":3,"13":5,"14":3,"15":2,"16":1},"f":{"0":2,"1":2,"2":3,"3":3,"4":3},"b":{"0":[0,2],"1":[1,2]},"_coverageSchema":"43e27e138ebf9cfc5966b082cf9a028302ed4184","hash":"a9d5247113a15e264037fa7be2d3d121c703d773"}
}
