TN:
SF:/Users/hung.phamtan/Documents/Projects/Indigo/assessment/src/index.js
FN:8,store
FN:10,(anonymous_1)
FN:12,(anonymous_2)
FN:25,load
FN:30,(anonymous_4)
FNF:5
FNH:5
FNDA:3,store
FNDA:2,(anonymous_1)
FNDA:3,(anonymous_2)
FNDA:3,load
FNDA:3,(anonymous_4)
DA:9,3
DA:10,2
DA:11,2
DA:12,3
DA:15,2
DA:26,3
DA:27,3
DA:29,2
DA:30,2
DA:31,3
DA:33,3
DA:34,5
DA:36,3
DA:38,2
DA:40,1
LF:15
LH:15
BRDA:9,0,0,1
BRDA:9,0,1,2
BRDA:27,1,0,1
BRDA:27,1,1,2
BRF:4
BRH:4
end_of_record
TN:
SF:/Users/hung.phamtan/Documents/Projects/Indigo/assessment/src/store.config.js
FNF:0
FNH:0
DA:1,1
DA:2,1
DA:3,1
DA:4,1
DA:5,1
DA:6,1
DA:7,1
DA:8,1
DA:10,1
LF:9
LH:9
BRF:0
BRH:0
end_of_record
TN:
SF:/Users/hung.phamtan/Documents/Projects/Indigo/assessment/src/store.js
FN:13,(anonymous_0)
FN:20,(anonymous_1)
FN:26,(anonymous_2)
FN:41,(anonymous_3)
FN:53,(anonymous_4)
FN:62,(anonymous_5)
FNF:6
FNH:6
FNDA:10,(anonymous_0)
FNDA:10,(anonymous_1)
FNDA:14,(anonymous_2)
FNDA:6,(anonymous_3)
FNDA:5,(anonymous_4)
FNDA:5,(anonymous_5)
DA:14,10
DA:15,10
DA:16,10
DA:21,10
DA:22,10
DA:23,10
DA:27,14
DA:28,3
DA:29,11
DA:30,3
DA:31,8
DA:35,3
DA:37,5
DA:43,6
DA:44,6
DA:46,6
DA:47,50
DA:48,50
DA:50,6
DA:55,5
DA:56,5
DA:57,4
DA:59,5
DA:63,5
DA:67,1
LF:25
LH:25
BRDA:27,0,0,3
BRDA:27,0,1,11
BRDA:29,1,0,3
BRDA:29,1,1,8
BRDA:31,2,0,3
BRDA:31,2,1,5
BRDA:56,3,0,4
BRDA:56,3,1,1
BRF:8
BRH:8
end_of_record
